<?xml version="1.0" encoding="UTF-8"?>
<testsuite xmlns:xsi="http://www.w3.org/2001/XMLSchema-instance" xsi:noNamespaceSchemaLocation="https://maven.apache.org/surefire/maven-surefire-plugin/xsd/surefire-test-report.xsd" name="com.example.demo.DemoApplicationTests" time="11.184" tests="1" errors="0" skipped="0" failures="0">
  <properties>
    <property name="gopherProxySet" value="false"/>
    <property name="awt.toolkit" value="sun.lwawt.macosx.LWCToolkit"/>
    <property name="java.specification.version" value="11"/>
    <property name="sun.cpu.isalist" value=""/>
    <property name="sun.jnu.encoding" value="UTF-8"/>
    <property name="java.class.path" value="/Users/shijinkoyambil/Assignment/microservice/EurekaServer/target/test-classes:/Users/shijinkoyambil/Assignment/microservice/EurekaServer/target/classes:/Users/shijinkoyambil/.m2/repository/org/springframework/boot/spring-boot-starter-web/2.5.3/spring-boot-starter-web-2.5.3.jar:/Users/shijinkoyambil/.m2/repository/org/springframework/boot/spring-boot-starter/2.5.3/spring-boot-starter-2.5.3.jar:/Users/shijinkoyambil/.m2/repository/org/springframework/boot/spring-boot/2.5.3/spring-boot-2.5.3.jar:/Users/shijinkoyambil/.m2/repository/org/springframework/boot/spring-boot-autoconfigure/2.5.3/spring-boot-autoconfigure-2.5.3.jar:/Users/shijinkoyambil/.m2/repository/org/springframework/boot/spring-boot-starter-logging/2.5.3/spring-boot-starter-logging-2.5.3.jar:/Users/shijinkoyambil/.m2/repository/ch/qos/logback/logback-classic/1.2.4/logback-classic-1.2.4.jar:/Users/shijinkoyambil/.m2/repository/ch/qos/logback/logback-core/1.2.4/logback-core-1.2.4.jar:/Users/shijinkoyambil/.m2/repository/org/apache/logging/log4j/log4j-to-slf4j/2.14.1/log4j-to-slf4j-2.14.1.jar:/Users/shijinkoyambil/.m2/repository/org/apache/logging/log4j/log4j-api/2.14.1/log4j-api-2.14.1.jar:/Users/shijinkoyambil/.m2/repository/org/slf4j/jul-to-slf4j/1.7.32/jul-to-slf4j-1.7.32.jar:/Users/shijinkoyambil/.m2/repository/jakarta/annotation/jakarta.annotation-api/1.3.5/jakarta.annotation-api-1.3.5.jar:/Users/shijinkoyambil/.m2/repository/org/yaml/snakeyaml/1.28/snakeyaml-1.28.jar:/Users/shijinkoyambil/.m2/repository/org/springframework/boot/spring-boot-starter-json/2.5.3/spring-boot-starter-json-2.5.3.jar:/Users/shijinkoyambil/.m2/repository/com/fasterxml/jackson/core/jackson-databind/2.12.4/jackson-databind-2.12.4.jar:/Users/shijinkoyambil/.m2/repository/com/fasterxml/jackson/core/jackson-annotations/2.12.4/jackson-annotations-2.12.4.jar:/Users/shijinkoyambil/.m2/repository/com/fasterxml/jackson/core/jackson-core/2.12.4/jackson-core-2.12.4.jar:/Users/shijinkoyambil/.m2/repository/com/fasterxml/jackson/datatype/jackson-datatype-jdk8/2.12.4/jackson-datatype-jdk8-2.12.4.jar:/Users/shijinkoyambil/.m2/repository/com/fasterxml/jackson/datatype/jackson-datatype-jsr310/2.12.4/jackson-datatype-jsr310-2.12.4.jar:/Users/shijinkoyambil/.m2/repository/com/fasterxml/jackson/module/jackson-module-parameter-names/2.12.4/jackson-module-parameter-names-2.12.4.jar:/Users/shijinkoyambil/.m2/repository/org/springframework/boot/spring-boot-starter-tomcat/2.5.3/spring-boot-starter-tomcat-2.5.3.jar:/Users/shijinkoyambil/.m2/repository/org/apache/tomcat/embed/tomcat-embed-core/9.0.50/tomcat-embed-core-9.0.50.jar:/Users/shijinkoyambil/.m2/repository/org/apache/tomcat/embed/tomcat-embed-el/9.0.50/tomcat-embed-el-9.0.50.jar:/Users/shijinkoyambil/.m2/repository/org/apache/tomcat/embed/tomcat-embed-websocket/9.0.50/tomcat-embed-websocket-9.0.50.jar:/Users/shijinkoyambil/.m2/repository/org/springframework/spring-web/5.3.9/spring-web-5.3.9.jar:/Users/shijinkoyambil/.m2/repository/org/springframework/spring-beans/5.3.9/spring-beans-5.3.9.jar:/Users/shijinkoyambil/.m2/repository/org/springframework/spring-webmvc/5.3.9/spring-webmvc-5.3.9.jar:/Users/shijinkoyambil/.m2/repository/org/springframework/spring-aop/5.3.9/spring-aop-5.3.9.jar:/Users/shijinkoyambil/.m2/repository/org/springframework/spring-context/5.3.9/spring-context-5.3.9.jar:/Users/shijinkoyambil/.m2/repository/org/springframework/spring-expression/5.3.9/spring-expression-5.3.9.jar:/Users/shijinkoyambil/.m2/repository/org/springframework/cloud/spring-cloud-starter-netflix-eureka-server/3.0.3/spring-cloud-starter-netflix-eureka-server-3.0.3.jar:/Users/shijinkoyambil/.m2/repository/org/springframework/cloud/spring-cloud-starter/3.0.3/spring-cloud-starter-3.0.3.jar:/Users/shijinkoyambil/.m2/repository/org/springframework/cloud/spring-cloud-context/3.0.3/spring-cloud-context-3.0.3.jar:/Users/shijinkoyambil/.m2/repository/org/springframework/security/spring-security-crypto/5.5.1/spring-security-crypto-5.5.1.jar:/Users/shijinkoyambil/.m2/repository/org/springframework/cloud/spring-cloud-commons/3.0.3/spring-cloud-commons-3.0.3.jar:/Users/shijinkoyambil/.m2/repository/org/springframework/security/spring-security-rsa/1.0.10.RELEASE/spring-security-rsa-1.0.10.RELEASE.jar:/Users/shijinkoyambil/.m2/repository/org/bouncycastle/bcpkix-jdk15on/1.68/bcpkix-jdk15on-1.68.jar:/Users/shijinkoyambil/.m2/repository/org/bouncycastle/bcprov-jdk15on/1.68/bcprov-jdk15on-1.68.jar:/Users/shijinkoyambil/.m2/repository/org/springframework/cloud/spring-cloud-netflix-eureka-server/3.0.3/spring-cloud-netflix-eureka-server-3.0.3.jar:/Users/shijinkoyambil/.m2/repository/org/springframework/boot/spring-boot-starter-actuator/2.5.3/spring-boot-starter-actuator-2.5.3.jar:/Users/shijinkoyambil/.m2/repository/org/springframework/boot/spring-boot-actuator-autoconfigure/2.5.3/spring-boot-actuator-autoconfigure-2.5.3.jar:/Users/shijinkoyambil/.m2/repository/org/springframework/boot/spring-boot-actuator/2.5.3/spring-boot-actuator-2.5.3.jar:/Users/shijinkoyambil/.m2/repository/io/micrometer/micrometer-core/1.7.2/micrometer-core-1.7.2.jar:/Users/shijinkoyambil/.m2/repository/org/hdrhistogram/HdrHistogram/2.1.12/HdrHistogram-2.1.12.jar:/Users/shijinkoyambil/.m2/repository/org/latencyutils/LatencyUtils/2.0.3/LatencyUtils-2.0.3.jar:/Users/shijinkoyambil/.m2/repository/org/springframework/boot/spring-boot-starter-freemarker/2.5.3/spring-boot-starter-freemarker-2.5.3.jar:/Users/shijinkoyambil/.m2/repository/org/freemarker/freemarker/2.3.31/freemarker-2.3.31.jar:/Users/shijinkoyambil/.m2/repository/org/springframework/spring-context-support/5.3.9/spring-context-support-5.3.9.jar:/Users/shijinkoyambil/.m2/repository/org/springframework/cloud/spring-cloud-netflix-eureka-client/3.0.3/spring-cloud-netflix-eureka-client-3.0.3.jar:/Users/shijinkoyambil/.m2/repository/com/netflix/eureka/eureka-client/1.10.14/eureka-client-1.10.14.jar:/Users/shijinkoyambil/.m2/repository/com/netflix/netflix-commons/netflix-eventbus/0.3.0/netflix-eventbus-0.3.0.jar:/Users/shijinkoyambil/.m2/repository/com/netflix/netflix-commons/netflix-infix/0.3.0/netflix-infix-0.3.0.jar:/Users/shijinkoyambil/.m2/repository/commons-jxpath/commons-jxpath/1.3/commons-jxpath-1.3.jar:/Users/shijinkoyambil/.m2/repository/joda-time/joda-time/2.3/joda-time-2.3.jar:/Users/shijinkoyambil/.m2/repository/org/antlr/antlr-runtime/3.4/antlr-runtime-3.4.jar:/Users/shijinkoyambil/.m2/repository/org/antlr/stringtemplate/3.2.1/stringtemplate-3.2.1.jar:/Users/shijinkoyambil/.m2/repository/antlr/antlr/2.7.7/antlr-2.7.7.jar:/Users/shijinkoyambil/.m2/repository/com/google/code/gson/gson/2.8.7/gson-2.8.7.jar:/Users/shijinkoyambil/.m2/repository/org/apache/commons/commons-math/2.2/commons-math-2.2.jar:/Users/shijinkoyambil/.m2/repository/com/thoughtworks/xstream/xstream/1.4.16/xstream-1.4.16.jar:/Users/shijinkoyambil/.m2/repository/io/github/x-stream/mxparser/1.2.1/mxparser-1.2.1.jar:/Users/shijinkoyambil/.m2/repository/xmlpull/xmlpull/1.1.3.1/xmlpull-1.1.3.1.jar:/Users/shijinkoyambil/.m2/repository/javax/ws/rs/jsr311-api/1.1.1/jsr311-api-1.1.1.jar:/Users/shijinkoyambil/.m2/repository/com/netflix/servo/servo-core/0.12.21/servo-core-0.12.21.jar:/Users/shijinkoyambil/.m2/repository/com/google/guava/guava/19.0/guava-19.0.jar:/Users/shijinkoyambil/.m2/repository/com/sun/jersey/jersey-core/1.19.1/jersey-core-1.19.1.jar:/Users/shijinkoyambil/.m2/repository/com/sun/jersey/contribs/jersey-apache-client4/1.19.1/jersey-apache-client4-1.19.1.jar:/Users/shijinkoyambil/.m2/repository/org/apache/httpcomponents/httpclient/4.5.13/httpclient-4.5.13.jar:/Users/shijinkoyambil/.m2/repository/org/apache/httpcomponents/httpcore/4.4.14/httpcore-4.4.14.jar:/Users/shijinkoyambil/.m2/repository/commons-codec/commons-codec/1.15/commons-codec-1.15.jar:/Users/shijinkoyambil/.m2/repository/commons-configuration/commons-configuration/1.10/commons-configuration-1.10.jar:/Users/shijinkoyambil/.m2/repository/commons-lang/commons-lang/2.6/commons-lang-2.6.jar:/Users/shijinkoyambil/.m2/repository/com/google/inject/guice/4.1.0/guice-4.1.0.jar:/Users/shijinkoyambil/.m2/repository/aopalliance/aopalliance/1.0/aopalliance-1.0.jar:/Users/shijinkoyambil/.m2/repository/org/codehaus/jettison/jettison/1.4.0/jettison-1.4.0.jar:/Users/shijinkoyambil/.m2/repository/com/sun/jersey/jersey-servlet/1.19.4/jersey-servlet-1.19.4.jar:/Users/shijinkoyambil/.m2/repository/com/sun/jersey/jersey-server/1.19.4/jersey-server-1.19.4.jar:/Users/shijinkoyambil/.m2/repository/com/sun/jersey/jersey-client/1.19.4/jersey-client-1.19.4.jar:/Users/shijinkoyambil/.m2/repository/com/netflix/eureka/eureka-core/1.10.14/eureka-core-1.10.14.jar:/Users/shijinkoyambil/.m2/repository/com/fasterxml/woodstox/woodstox-core/6.2.1/woodstox-core-6.2.1.jar:/Users/shijinkoyambil/.m2/repository/javax/inject/javax.inject/1/javax.inject-1.jar:/Users/shijinkoyambil/.m2/repository/com/fasterxml/jackson/dataformat/jackson-dataformat-xml/2.12.4/jackson-dataformat-xml-2.12.4.jar:/Users/shijinkoyambil/.m2/repository/com/fasterxml/jackson/module/jackson-module-jaxb-annotations/2.12.4/jackson-module-jaxb-annotations-2.12.4.jar:/Users/shijinkoyambil/.m2/repository/org/codehaus/woodstox/stax2-api/4.2.1/stax2-api-4.2.1.jar:/Users/shijinkoyambil/.m2/repository/org/springframework/cloud/spring-cloud-starter-loadbalancer/3.0.3/spring-cloud-starter-loadbalancer-3.0.3.jar:/Users/shijinkoyambil/.m2/repository/org/springframework/cloud/spring-cloud-loadbalancer/3.0.3/spring-cloud-loadbalancer-3.0.3.jar:/Users/shijinkoyambil/.m2/repository/org/springframework/boot/spring-boot-starter-validation/2.5.3/spring-boot-starter-validation-2.5.3.jar:/Users/shijinkoyambil/.m2/repository/org/hibernate/validator/hibernate-validator/6.2.0.Final/hibernate-validator-6.2.0.Final.jar:/Users/shijinkoyambil/.m2/repository/jakarta/validation/jakarta.validation-api/2.0.2/jakarta.validation-api-2.0.2.jar:/Users/shijinkoyambil/.m2/repository/org/jboss/logging/jboss-logging/3.4.2.Final/jboss-logging-3.4.2.Final.jar:/Users/shijinkoyambil/.m2/repository/com/fasterxml/classmate/1.5.1/classmate-1.5.1.jar:/Users/shijinkoyambil/.m2/repository/io/projectreactor/reactor-core/3.4.8/reactor-core-3.4.8.jar:/Users/shijinkoyambil/.m2/repository/org/reactivestreams/reactive-streams/1.0.3/reactive-streams-1.0.3.jar:/Users/shijinkoyambil/.m2/repository/io/projectreactor/addons/reactor-extra/3.4.3/reactor-extra-3.4.3.jar:/Users/shijinkoyambil/.m2/repository/org/springframework/boot/spring-boot-starter-cache/2.5.3/spring-boot-starter-cache-2.5.3.jar:/Users/shijinkoyambil/.m2/repository/com/stoyanr/evictor/1.0.0/evictor-1.0.0.jar:/Users/shijinkoyambil/.m2/repository/org/glassfish/jaxb/jaxb-runtime/2.3.4/jaxb-runtime-2.3.4.jar:/Users/shijinkoyambil/.m2/repository/org/glassfish/jaxb/txw2/2.3.4/txw2-2.3.4.jar:/Users/shijinkoyambil/.m2/repository/com/sun/istack/istack-commons-runtime/3.0.12/istack-commons-runtime-3.0.12.jar:/Users/shijinkoyambil/.m2/repository/com/sun/activation/jakarta.activation/1.2.2/jakarta.activation-1.2.2.jar:/Users/shijinkoyambil/.m2/repository/org/springframework/boot/spring-boot-starter-test/2.5.3/spring-boot-starter-test-2.5.3.jar:/Users/shijinkoyambil/.m2/repository/org/springframework/boot/spring-boot-test/2.5.3/spring-boot-test-2.5.3.jar:/Users/shijinkoyambil/.m2/repository/org/springframework/boot/spring-boot-test-autoconfigure/2.5.3/spring-boot-test-autoconfigure-2.5.3.jar:/Users/shijinkoyambil/.m2/repository/com/jayway/jsonpath/json-path/2.5.0/json-path-2.5.0.jar:/Users/shijinkoyambil/.m2/repository/net/minidev/json-smart/2.4.7/json-smart-2.4.7.jar:/Users/shijinkoyambil/.m2/repository/net/minidev/accessors-smart/2.4.7/accessors-smart-2.4.7.jar:/Users/shijinkoyambil/.m2/repository/org/ow2/asm/asm/9.1/asm-9.1.jar:/Users/shijinkoyambil/.m2/repository/org/slf4j/slf4j-api/1.7.32/slf4j-api-1.7.32.jar:/Users/shijinkoyambil/.m2/repository/jakarta/xml/bind/jakarta.xml.bind-api/2.3.3/jakarta.xml.bind-api-2.3.3.jar:/Users/shijinkoyambil/.m2/repository/jakarta/activation/jakarta.activation-api/1.2.2/jakarta.activation-api-1.2.2.jar:/Users/shijinkoyambil/.m2/repository/org/assertj/assertj-core/3.19.0/assertj-core-3.19.0.jar:/Users/shijinkoyambil/.m2/repository/org/hamcrest/hamcrest/2.2/hamcrest-2.2.jar:/Users/shijinkoyambil/.m2/repository/org/junit/jupiter/junit-jupiter/5.7.2/junit-jupiter-5.7.2.jar:/Users/shijinkoyambil/.m2/repository/org/junit/jupiter/junit-jupiter-api/5.7.2/junit-jupiter-api-5.7.2.jar:/Users/shijinkoyambil/.m2/repository/org/apiguardian/apiguardian-api/1.1.0/apiguardian-api-1.1.0.jar:/Users/shijinkoyambil/.m2/repository/org/opentest4j/opentest4j/1.2.0/opentest4j-1.2.0.jar:/Users/shijinkoyambil/.m2/repository/org/junit/platform/junit-platform-commons/1.7.2/junit-platform-commons-1.7.2.jar:/Users/shijinkoyambil/.m2/repository/org/junit/jupiter/junit-jupiter-params/5.7.2/junit-jupiter-params-5.7.2.jar:/Users/shijinkoyambil/.m2/repository/org/junit/jupiter/junit-jupiter-engine/5.7.2/junit-jupiter-engine-5.7.2.jar:/Users/shijinkoyambil/.m2/repository/org/junit/platform/junit-platform-engine/1.7.2/junit-platform-engine-1.7.2.jar:/Users/shijinkoyambil/.m2/repository/org/mockito/mockito-core/3.9.0/mockito-core-3.9.0.jar:/Users/shijinkoyambil/.m2/repository/net/bytebuddy/byte-buddy/1.10.22/byte-buddy-1.10.22.jar:/Users/shijinkoyambil/.m2/repository/net/bytebuddy/byte-buddy-agent/1.10.22/byte-buddy-agent-1.10.22.jar:/Users/shijinkoyambil/.m2/repository/org/objenesis/objenesis/3.2/objenesis-3.2.jar:/Users/shijinkoyambil/.m2/repository/org/mockito/mockito-junit-jupiter/3.9.0/mockito-junit-jupiter-3.9.0.jar:/Users/shijinkoyambil/.m2/repository/org/skyscreamer/jsonassert/1.5.0/jsonassert-1.5.0.jar:/Users/shijinkoyambil/.m2/repository/com/vaadin/external/google/android-json/0.0.20131108.vaadin1/android-json-0.0.20131108.vaadin1.jar:/Users/shijinkoyambil/.m2/repository/org/springframework/spring-core/5.3.9/spring-core-5.3.9.jar:/Users/shijinkoyambil/.m2/repository/org/springframework/spring-jcl/5.3.9/spring-jcl-5.3.9.jar:/Users/shijinkoyambil/.m2/repository/org/springframework/spring-test/5.3.9/spring-test-5.3.9.jar:/Users/shijinkoyambil/.m2/repository/org/xmlunit/xmlunit-core/2.8.2/xmlunit-core-2.8.2.jar:"/>
    <property name="java.vm.vendor" value="Oracle Corporation"/>
    <property name="sun.arch.data.model" value="64"/>
    <property name="java.vendor.url" value="https://openjdk.java.net/"/>
    <property name="user.timezone" value="Asia/Dubai"/>
    <property name="java.vm.specification.version" value="11"/>
    <property name="os.name" value="Mac OS X"/>
    <property name="sun.java.launcher" value="SUN_STANDARD"/>
    <property name="user.country" value="AE"/>
    <property name="sun.boot.library.path" value="/Library/Java/JavaVirtualMachines/jdk-11.0.12.jdk/Contents/Home/lib"/>
    <property name="sun.java.command" value="/Users/shijinkoyambil/Assignment/microservice/EurekaServer/target/surefire/surefirebooter2064536902943400175.jar /Users/shijinkoyambil/Assignment/microservice/EurekaServer/target/surefire 2021-07-25T23-45-21_652-jvmRun1 surefire8076914216051130659tmp surefire_013378615772889807264tmp"/>
    <property name="http.nonProxyHosts" value="local|*.local|169.254/16|*.169.254/16"/>
    <property name="jdk.debug" value="release"/>
    <property name="surefire.test.class.path" value="/Users/shijinkoyambil/Assignment/microservice/EurekaServer/target/test-classes:/Users/shijinkoyambil/Assignment/microservice/EurekaServer/target/classes:/Users/shijinkoyambil/.m2/repository/org/springframework/boot/spring-boot-starter-web/2.5.3/spring-boot-starter-web-2.5.3.jar:/Users/shijinkoyambil/.m2/repository/org/springframework/boot/spring-boot-starter/2.5.3/spring-boot-starter-2.5.3.jar:/Users/shijinkoyambil/.m2/repository/org/springframework/boot/spring-boot/2.5.3/spring-boot-2.5.3.jar:/Users/shijinkoyambil/.m2/repository/org/springframework/boot/spring-boot-autoconfigure/2.5.3/spring-boot-autoconfigure-2.5.3.jar:/Users/shijinkoyambil/.m2/repository/org/springframework/boot/spring-boot-starter-logging/2.5.3/spring-boot-starter-logging-2.5.3.jar:/Users/shijinkoyambil/.m2/repository/ch/qos/logback/logback-classic/1.2.4/logback-classic-1.2.4.jar:/Users/shijinkoyambil/.m2/repository/ch/qos/logback/logback-core/1.2.4/logback-core-1.2.4.jar:/Users/shijinkoyambil/.m2/repository/org/apache/logging/log4j/log4j-to-slf4j/2.14.1/log4j-to-slf4j-2.14.1.jar:/Users/shijinkoyambil/.m2/repository/org/apache/logging/log4j/log4j-api/2.14.1/log4j-api-2.14.1.jar:/Users/shijinkoyambil/.m2/repository/org/slf4j/jul-to-slf4j/1.7.32/jul-to-slf4j-1.7.32.jar:/Users/shijinkoyambil/.m2/repository/jakarta/annotation/jakarta.annotation-api/1.3.5/jakarta.annotation-api-1.3.5.jar:/Users/shijinkoyambil/.m2/repository/org/yaml/snakeyaml/1.28/snakeyaml-1.28.jar:/Users/shijinkoyambil/.m2/repository/org/springframework/boot/spring-boot-starter-json/2.5.3/spring-boot-starter-json-2.5.3.jar:/Users/shijinkoyambil/.m2/repository/com/fasterxml/jackson/core/jackson-databind/2.12.4/jackson-databind-2.12.4.jar:/Users/shijinkoyambil/.m2/repository/com/fasterxml/jackson/core/jackson-annotations/2.12.4/jackson-annotations-2.12.4.jar:/Users/shijinkoyambil/.m2/repository/com/fasterxml/jackson/core/jackson-core/2.12.4/jackson-core-2.12.4.jar:/Users/shijinkoyambil/.m2/repository/com/fasterxml/jackson/datatype/jackson-datatype-jdk8/2.12.4/jackson-datatype-jdk8-2.12.4.jar:/Users/shijinkoyambil/.m2/repository/com/fasterxml/jackson/datatype/jackson-datatype-jsr310/2.12.4/jackson-datatype-jsr310-2.12.4.jar:/Users/shijinkoyambil/.m2/repository/com/fasterxml/jackson/module/jackson-module-parameter-names/2.12.4/jackson-module-parameter-names-2.12.4.jar:/Users/shijinkoyambil/.m2/repository/org/springframework/boot/spring-boot-starter-tomcat/2.5.3/spring-boot-starter-tomcat-2.5.3.jar:/Users/shijinkoyambil/.m2/repository/org/apache/tomcat/embed/tomcat-embed-core/9.0.50/tomcat-embed-core-9.0.50.jar:/Users/shijinkoyambil/.m2/repository/org/apache/tomcat/embed/tomcat-embed-el/9.0.50/tomcat-embed-el-9.0.50.jar:/Users/shijinkoyambil/.m2/repository/org/apache/tomcat/embed/tomcat-embed-websocket/9.0.50/tomcat-embed-websocket-9.0.50.jar:/Users/shijinkoyambil/.m2/repository/org/springframework/spring-web/5.3.9/spring-web-5.3.9.jar:/Users/shijinkoyambil/.m2/repository/org/springframework/spring-beans/5.3.9/spring-beans-5.3.9.jar:/Users/shijinkoyambil/.m2/repository/org/springframework/spring-webmvc/5.3.9/spring-webmvc-5.3.9.jar:/Users/shijinkoyambil/.m2/repository/org/springframework/spring-aop/5.3.9/spring-aop-5.3.9.jar:/Users/shijinkoyambil/.m2/repository/org/springframework/spring-context/5.3.9/spring-context-5.3.9.jar:/Users/shijinkoyambil/.m2/repository/org/springframework/spring-expression/5.3.9/spring-expression-5.3.9.jar:/Users/shijinkoyambil/.m2/repository/org/springframework/cloud/spring-cloud-starter-netflix-eureka-server/3.0.3/spring-cloud-starter-netflix-eureka-server-3.0.3.jar:/Users/shijinkoyambil/.m2/repository/org/springframework/cloud/spring-cloud-starter/3.0.3/spring-cloud-starter-3.0.3.jar:/Users/shijinkoyambil/.m2/repository/org/springframework/cloud/spring-cloud-context/3.0.3/spring-cloud-context-3.0.3.jar:/Users/shijinkoyambil/.m2/repository/org/springframework/security/spring-security-crypto/5.5.1/spring-security-crypto-5.5.1.jar:/Users/shijinkoyambil/.m2/repository/org/springframework/cloud/spring-cloud-commons/3.0.3/spring-cloud-commons-3.0.3.jar:/Users/shijinkoyambil/.m2/repository/org/springframework/security/spring-security-rsa/1.0.10.RELEASE/spring-security-rsa-1.0.10.RELEASE.jar:/Users/shijinkoyambil/.m2/repository/org/bouncycastle/bcpkix-jdk15on/1.68/bcpkix-jdk15on-1.68.jar:/Users/shijinkoyambil/.m2/repository/org/bouncycastle/bcprov-jdk15on/1.68/bcprov-jdk15on-1.68.jar:/Users/shijinkoyambil/.m2/repository/org/springframework/cloud/spring-cloud-netflix-eureka-server/3.0.3/spring-cloud-netflix-eureka-server-3.0.3.jar:/Users/shijinkoyambil/.m2/repository/org/springframework/boot/spring-boot-starter-actuator/2.5.3/spring-boot-starter-actuator-2.5.3.jar:/Users/shijinkoyambil/.m2/repository/org/springframework/boot/spring-boot-actuator-autoconfigure/2.5.3/spring-boot-actuator-autoconfigure-2.5.3.jar:/Users/shijinkoyambil/.m2/repository/org/springframework/boot/spring-boot-actuator/2.5.3/spring-boot-actuator-2.5.3.jar:/Users/shijinkoyambil/.m2/repository/io/micrometer/micrometer-core/1.7.2/micrometer-core-1.7.2.jar:/Users/shijinkoyambil/.m2/repository/org/hdrhistogram/HdrHistogram/2.1.12/HdrHistogram-2.1.12.jar:/Users/shijinkoyambil/.m2/repository/org/latencyutils/LatencyUtils/2.0.3/LatencyUtils-2.0.3.jar:/Users/shijinkoyambil/.m2/repository/org/springframework/boot/spring-boot-starter-freemarker/2.5.3/spring-boot-starter-freemarker-2.5.3.jar:/Users/shijinkoyambil/.m2/repository/org/freemarker/freemarker/2.3.31/freemarker-2.3.31.jar:/Users/shijinkoyambil/.m2/repository/org/springframework/spring-context-support/5.3.9/spring-context-support-5.3.9.jar:/Users/shijinkoyambil/.m2/repository/org/springframework/cloud/spring-cloud-netflix-eureka-client/3.0.3/spring-cloud-netflix-eureka-client-3.0.3.jar:/Users/shijinkoyambil/.m2/repository/com/netflix/eureka/eureka-client/1.10.14/eureka-client-1.10.14.jar:/Users/shijinkoyambil/.m2/repository/com/netflix/netflix-commons/netflix-eventbus/0.3.0/netflix-eventbus-0.3.0.jar:/Users/shijinkoyambil/.m2/repository/com/netflix/netflix-commons/netflix-infix/0.3.0/netflix-infix-0.3.0.jar:/Users/shijinkoyambil/.m2/repository/commons-jxpath/commons-jxpath/1.3/commons-jxpath-1.3.jar:/Users/shijinkoyambil/.m2/repository/joda-time/joda-time/2.3/joda-time-2.3.jar:/Users/shijinkoyambil/.m2/repository/org/antlr/antlr-runtime/3.4/antlr-runtime-3.4.jar:/Users/shijinkoyambil/.m2/repository/org/antlr/stringtemplate/3.2.1/stringtemplate-3.2.1.jar:/Users/shijinkoyambil/.m2/repository/antlr/antlr/2.7.7/antlr-2.7.7.jar:/Users/shijinkoyambil/.m2/repository/com/google/code/gson/gson/2.8.7/gson-2.8.7.jar:/Users/shijinkoyambil/.m2/repository/org/apache/commons/commons-math/2.2/commons-math-2.2.jar:/Users/shijinkoyambil/.m2/repository/com/thoughtworks/xstream/xstream/1.4.16/xstream-1.4.16.jar:/Users/shijinkoyambil/.m2/repository/io/github/x-stream/mxparser/1.2.1/mxparser-1.2.1.jar:/Users/shijinkoyambil/.m2/repository/xmlpull/xmlpull/1.1.3.1/xmlpull-1.1.3.1.jar:/Users/shijinkoyambil/.m2/repository/javax/ws/rs/jsr311-api/1.1.1/jsr311-api-1.1.1.jar:/Users/shijinkoyambil/.m2/repository/com/netflix/servo/servo-core/0.12.21/servo-core-0.12.21.jar:/Users/shijinkoyambil/.m2/repository/com/google/guava/guava/19.0/guava-19.0.jar:/Users/shijinkoyambil/.m2/repository/com/sun/jersey/jersey-core/1.19.1/jersey-core-1.19.1.jar:/Users/shijinkoyambil/.m2/repository/com/sun/jersey/contribs/jersey-apache-client4/1.19.1/jersey-apache-client4-1.19.1.jar:/Users/shijinkoyambil/.m2/repository/org/apache/httpcomponents/httpclient/4.5.13/httpclient-4.5.13.jar:/Users/shijinkoyambil/.m2/repository/org/apache/httpcomponents/httpcore/4.4.14/httpcore-4.4.14.jar:/Users/shijinkoyambil/.m2/repository/commons-codec/commons-codec/1.15/commons-codec-1.15.jar:/Users/shijinkoyambil/.m2/repository/commons-configuration/commons-configuration/1.10/commons-configuration-1.10.jar:/Users/shijinkoyambil/.m2/repository/commons-lang/commons-lang/2.6/commons-lang-2.6.jar:/Users/shijinkoyambil/.m2/repository/com/google/inject/guice/4.1.0/guice-4.1.0.jar:/Users/shijinkoyambil/.m2/repository/aopalliance/aopalliance/1.0/aopalliance-1.0.jar:/Users/shijinkoyambil/.m2/repository/org/codehaus/jettison/jettison/1.4.0/jettison-1.4.0.jar:/Users/shijinkoyambil/.m2/repository/com/sun/jersey/jersey-servlet/1.19.4/jersey-servlet-1.19.4.jar:/Users/shijinkoyambil/.m2/repository/com/sun/jersey/jersey-server/1.19.4/jersey-server-1.19.4.jar:/Users/shijinkoyambil/.m2/repository/com/sun/jersey/jersey-client/1.19.4/jersey-client-1.19.4.jar:/Users/shijinkoyambil/.m2/repository/com/netflix/eureka/eureka-core/1.10.14/eureka-core-1.10.14.jar:/Users/shijinkoyambil/.m2/repository/com/fasterxml/woodstox/woodstox-core/6.2.1/woodstox-core-6.2.1.jar:/Users/shijinkoyambil/.m2/repository/javax/inject/javax.inject/1/javax.inject-1.jar:/Users/shijinkoyambil/.m2/repository/com/fasterxml/jackson/dataformat/jackson-dataformat-xml/2.12.4/jackson-dataformat-xml-2.12.4.jar:/Users/shijinkoyambil/.m2/repository/com/fasterxml/jackson/module/jackson-module-jaxb-annotations/2.12.4/jackson-module-jaxb-annotations-2.12.4.jar:/Users/shijinkoyambil/.m2/repository/org/codehaus/woodstox/stax2-api/4.2.1/stax2-api-4.2.1.jar:/Users/shijinkoyambil/.m2/repository/org/springframework/cloud/spring-cloud-starter-loadbalancer/3.0.3/spring-cloud-starter-loadbalancer-3.0.3.jar:/Users/shijinkoyambil/.m2/repository/org/springframework/cloud/spring-cloud-loadbalancer/3.0.3/spring-cloud-loadbalancer-3.0.3.jar:/Users/shijinkoyambil/.m2/repository/org/springframework/boot/spring-boot-starter-validation/2.5.3/spring-boot-starter-validation-2.5.3.jar:/Users/shijinkoyambil/.m2/repository/org/hibernate/validator/hibernate-validator/6.2.0.Final/hibernate-validator-6.2.0.Final.jar:/Users/shijinkoyambil/.m2/repository/jakarta/validation/jakarta.validation-api/2.0.2/jakarta.validation-api-2.0.2.jar:/Users/shijinkoyambil/.m2/repository/org/jboss/logging/jboss-logging/3.4.2.Final/jboss-logging-3.4.2.Final.jar:/Users/shijinkoyambil/.m2/repository/com/fasterxml/classmate/1.5.1/classmate-1.5.1.jar:/Users/shijinkoyambil/.m2/repository/io/projectreactor/reactor-core/3.4.8/reactor-core-3.4.8.jar:/Users/shijinkoyambil/.m2/repository/org/reactivestreams/reactive-streams/1.0.3/reactive-streams-1.0.3.jar:/Users/shijinkoyambil/.m2/repository/io/projectreactor/addons/reactor-extra/3.4.3/reactor-extra-3.4.3.jar:/Users/shijinkoyambil/.m2/repository/org/springframework/boot/spring-boot-starter-cache/2.5.3/spring-boot-starter-cache-2.5.3.jar:/Users/shijinkoyambil/.m2/repository/com/stoyanr/evictor/1.0.0/evictor-1.0.0.jar:/Users/shijinkoyambil/.m2/repository/org/glassfish/jaxb/jaxb-runtime/2.3.4/jaxb-runtime-2.3.4.jar:/Users/shijinkoyambil/.m2/repository/org/glassfish/jaxb/txw2/2.3.4/txw2-2.3.4.jar:/Users/shijinkoyambil/.m2/repository/com/sun/istack/istack-commons-runtime/3.0.12/istack-commons-runtime-3.0.12.jar:/Users/shijinkoyambil/.m2/repository/com/sun/activation/jakarta.activation/1.2.2/jakarta.activation-1.2.2.jar:/Users/shijinkoyambil/.m2/repository/org/springframework/boot/spring-boot-starter-test/2.5.3/spring-boot-starter-test-2.5.3.jar:/Users/shijinkoyambil/.m2/repository/org/springframework/boot/spring-boot-test/2.5.3/spring-boot-test-2.5.3.jar:/Users/shijinkoyambil/.m2/repository/org/springframework/boot/spring-boot-test-autoconfigure/2.5.3/spring-boot-test-autoconfigure-2.5.3.jar:/Users/shijinkoyambil/.m2/repository/com/jayway/jsonpath/json-path/2.5.0/json-path-2.5.0.jar:/Users/shijinkoyambil/.m2/repository/net/minidev/json-smart/2.4.7/json-smart-2.4.7.jar:/Users/shijinkoyambil/.m2/repository/net/minidev/accessors-smart/2.4.7/accessors-smart-2.4.7.jar:/Users/shijinkoyambil/.m2/repository/org/ow2/asm/asm/9.1/asm-9.1.jar:/Users/shijinkoyambil/.m2/repository/org/slf4j/slf4j-api/1.7.32/slf4j-api-1.7.32.jar:/Users/shijinkoyambil/.m2/repository/jakarta/xml/bind/jakarta.xml.bind-api/2.3.3/jakarta.xml.bind-api-2.3.3.jar:/Users/shijinkoyambil/.m2/repository/jakarta/activation/jakarta.activation-api/1.2.2/jakarta.activation-api-1.2.2.jar:/Users/shijinkoyambil/.m2/repository/org/assertj/assertj-core/3.19.0/assertj-core-3.19.0.jar:/Users/shijinkoyambil/.m2/repository/org/hamcrest/hamcrest/2.2/hamcrest-2.2.jar:/Users/shijinkoyambil/.m2/repository/org/junit/jupiter/junit-jupiter/5.7.2/junit-jupiter-5.7.2.jar:/Users/shijinkoyambil/.m2/repository/org/junit/jupiter/junit-jupiter-api/5.7.2/junit-jupiter-api-5.7.2.jar:/Users/shijinkoyambil/.m2/repository/org/apiguardian/apiguardian-api/1.1.0/apiguardian-api-1.1.0.jar:/Users/shijinkoyambil/.m2/repository/org/opentest4j/opentest4j/1.2.0/opentest4j-1.2.0.jar:/Users/shijinkoyambil/.m2/repository/org/junit/platform/junit-platform-commons/1.7.2/junit-platform-commons-1.7.2.jar:/Users/shijinkoyambil/.m2/repository/org/junit/jupiter/junit-jupiter-params/5.7.2/junit-jupiter-params-5.7.2.jar:/Users/shijinkoyambil/.m2/repository/org/junit/jupiter/junit-jupiter-engine/5.7.2/junit-jupiter-engine-5.7.2.jar:/Users/shijinkoyambil/.m2/repository/org/junit/platform/junit-platform-engine/1.7.2/junit-platform-engine-1.7.2.jar:/Users/shijinkoyambil/.m2/repository/org/mockito/mockito-core/3.9.0/mockito-core-3.9.0.jar:/Users/shijinkoyambil/.m2/repository/net/bytebuddy/byte-buddy/1.10.22/byte-buddy-1.10.22.jar:/Users/shijinkoyambil/.m2/repository/net/bytebuddy/byte-buddy-agent/1.10.22/byte-buddy-agent-1.10.22.jar:/Users/shijinkoyambil/.m2/repository/org/objenesis/objenesis/3.2/objenesis-3.2.jar:/Users/shijinkoyambil/.m2/repository/org/mockito/mockito-junit-jupiter/3.9.0/mockito-junit-jupiter-3.9.0.jar:/Users/shijinkoyambil/.m2/repository/org/skyscreamer/jsonassert/1.5.0/jsonassert-1.5.0.jar:/Users/shijinkoyambil/.m2/repository/com/vaadin/external/google/android-json/0.0.20131108.vaadin1/android-json-0.0.20131108.vaadin1.jar:/Users/shijinkoyambil/.m2/repository/org/springframework/spring-core/5.3.9/spring-core-5.3.9.jar:/Users/shijinkoyambil/.m2/repository/org/springframework/spring-jcl/5.3.9/spring-jcl-5.3.9.jar:/Users/shijinkoyambil/.m2/repository/org/springframework/spring-test/5.3.9/spring-test-5.3.9.jar:/Users/shijinkoyambil/.m2/repository/org/xmlunit/xmlunit-core/2.8.2/xmlunit-core-2.8.2.jar:"/>
    <property name="sun.cpu.endian" value="little"/>
    <property name="user.home" value="/Users/shijinkoyambil"/>
    <property name="user.language" value="en"/>
    <property name="java.specification.vendor" value="Oracle Corporation"/>
    <property name="java.version.date" value="2021-07-20"/>
    <property name="java.home" value="/Library/Java/JavaVirtualMachines/jdk-11.0.12.jdk/Contents/Home"/>
    <property name="file.separator" value="/"/>
    <property name="basedir" value="/Users/shijinkoyambil/Assignment/microservice/EurekaServer"/>
    <property name="java.vm.compressedOopsMode" value="Zero based"/>
    <property name="line.separator" value="&#10;"/>
    <property name="java.specification.name" value="Java Platform API Specification"/>
    <property name="java.vm.specification.vendor" value="Oracle Corporation"/>
    <property name="java.awt.graphicsenv" value="sun.awt.CGraphicsEnvironment"/>
    <property name="surefire.real.class.path" value="/Users/shijinkoyambil/Assignment/microservice/EurekaServer/target/surefire/surefirebooter2064536902943400175.jar"/>
    <property name="sun.management.compiler" value="HotSpot 64-Bit Tiered Compilers"/>
    <property name="ftp.nonProxyHosts" value="local|*.local|169.254/16|*.169.254/16"/>
    <property name="java.runtime.version" value="11.0.12+8-LTS-237"/>
    <property name="user.name" value="shijinkoyambil"/>
    <property name="path.separator" value=":"/>
    <property name="os.version" value="10.12.6"/>
    <property name="java.runtime.name" value="Java(TM) SE Runtime Environment"/>
    <property name="file.encoding" value="UTF-8"/>
    <property name="java.vm.name" value="Java HotSpot(TM) 64-Bit Server VM"/>
    <property name="java.vendor.version" value="18.9"/>
    <property name="localRepository" value="/Users/shijinkoyambil/.m2/repository"/>
    <property name="java.vendor.url.bug" value="https://bugreport.java.com/bugreport/"/>
    <property name="java.io.tmpdir" value="/var/folders/59/b66c6y2d3pncb22bddb_8ybr0000gn/T/"/>
    <property name="java.version" value="11.0.12"/>
    <property name="user.dir" value="/Users/shijinkoyambil/Assignment/microservice/EurekaServer"/>
    <property name="os.arch" value="x86_64"/>
    <property name="java.vm.specification.name" value="Java Virtual Machine Specification"/>
    <property name="java.awt.printerjob" value="sun.lwawt.macosx.CPrinterJob"/>
    <property name="sun.os.patch.level" value="unknown"/>
    <property name="java.library.path" value="/Users/shijinkoyambil/Library/Java/Extensions:/Library/Java/Extensions:/Network/Library/Java/Extensions:/System/Library/Java/Extensions:/usr/lib/java:."/>
    <property name="java.vendor" value="Oracle Corporation"/>
    <property name="java.vm.info" value="mixed mode"/>
    <property name="java.vm.version" value="11.0.12+8-LTS-237"/>
    <property name="sun.io.unicode.encoding" value="UnicodeBig"/>
    <property name="java.class.version" value="55.0"/>
    <property name="socksNonProxyHosts" value="local|*.local|169.254/16|*.169.254/16"/>
  </properties>
  <testcase name="contextLoads" classname="com.example.demo.DemoApplicationTests" time="0.974"/>
</testsuite>